<?xml version="1.0" encoding="UTF-8"?>
<testsuite name="com.theironyard.MicroblogSpringApplicationTests" tests="1" skipped="0" failures="0" errors="0" timestamp="2016-09-20T18:01:43" hostname="MyMacDaddy" time="0.009">
  <properties/>
  <testcase name="contextLoads" classname="com.theironyard.MicroblogSpringApplicationTests" time="0.009"/>
  <system-out><![CDATA[14:01:40.877 [Test worker] DEBUG org.springframework.test.context.junit4.SpringJUnit4ClassRunner - SpringJUnit4ClassRunner constructor called with [class com.theironyard.MicroblogSpringApplicationTests]
14:01:40.880 [Test worker] DEBUG org.springframework.test.context.BootstrapUtils - Instantiating CacheAwareContextLoaderDelegate from class [org.springframework.test.context.cache.DefaultCacheAwareContextLoaderDelegate]
14:01:40.885 [Test worker] DEBUG org.springframework.test.context.BootstrapUtils - Instantiating BootstrapContext using constructor [public org.springframework.test.context.support.DefaultBootstrapContext(java.lang.Class,org.springframework.test.context.CacheAwareContextLoaderDelegate)]
14:01:40.898 [Test worker] DEBUG org.springframework.test.context.BootstrapUtils - Instantiating TestContextBootstrapper for test class [com.theironyard.MicroblogSpringApplicationTests] from class [org.springframework.boot.test.context.SpringBootTestContextBootstrapper]
14:01:40.907 [Test worker] INFO org.springframework.boot.test.context.SpringBootTestContextBootstrapper - Neither @ContextConfiguration nor @ContextHierarchy found for test class [com.theironyard.MicroblogSpringApplicationTests], using SpringBootContextLoader
14:01:40.910 [Test worker] DEBUG org.springframework.test.context.support.AbstractContextLoader - Did not detect default resource location for test class [com.theironyard.MicroblogSpringApplicationTests]: class path resource [com/theironyard/MicroblogSpringApplicationTests-context.xml] does not exist
14:01:40.911 [Test worker] DEBUG org.springframework.test.context.support.AbstractContextLoader - Did not detect default resource location for test class [com.theironyard.MicroblogSpringApplicationTests]: class path resource [com/theironyard/MicroblogSpringApplicationTestsContext.groovy] does not exist
14:01:40.911 [Test worker] INFO org.springframework.test.context.support.AbstractContextLoader - Could not detect default resource locations for test class [com.theironyard.MicroblogSpringApplicationTests]: no resource found for suffixes {-context.xml, Context.groovy}.
14:01:40.911 [Test worker] INFO org.springframework.test.context.support.AnnotationConfigContextLoaderUtils - Could not detect default configuration classes for test class [com.theironyard.MicroblogSpringApplicationTests]: MicroblogSpringApplicationTests does not declare any static, non-private, non-final, nested classes annotated with @Configuration.
14:01:40.943 [Test worker] DEBUG org.springframework.test.context.support.ActiveProfilesUtils - Could not find an 'annotation declaring class' for annotation type [org.springframework.test.context.ActiveProfiles] and class [com.theironyard.MicroblogSpringApplicationTests]
14:01:40.976 [Test worker] DEBUG org.springframework.core.env.StandardEnvironment - Adding [systemProperties] PropertySource with lowest search precedence
14:01:40.977 [Test worker] DEBUG org.springframework.core.env.StandardEnvironment - Adding [systemEnvironment] PropertySource with lowest search precedence
14:01:40.977 [Test worker] DEBUG org.springframework.core.env.StandardEnvironment - Initialized StandardEnvironment with PropertySources [systemProperties,systemEnvironment]
14:01:40.984 [Test worker] DEBUG org.springframework.core.io.support.PathMatchingResourcePatternResolver - Resolved classpath location [com/theironyard/] to resources [URL [file:/Users/lindseyringwald/Desktop/Code/Spring-Microblog/build/classes/test/com/theironyard/], URL [file:/Users/lindseyringwald/Desktop/Code/Spring-Microblog/build/classes/main/com/theironyard/]]
14:01:40.984 [Test worker] DEBUG org.springframework.core.io.support.PathMatchingResourcePatternResolver - Looking for matching resources in directory tree [/Users/lindseyringwald/Desktop/Code/Spring-Microblog/build/classes/test/com/theironyard]
14:01:40.984 [Test worker] DEBUG org.springframework.core.io.support.PathMatchingResourcePatternResolver - Searching directory [/Users/lindseyringwald/Desktop/Code/Spring-Microblog/build/classes/test/com/theironyard] for files matching pattern [/Users/lindseyringwald/Desktop/Code/Spring-Microblog/build/classes/test/com/theironyard/*.class]
14:01:40.987 [Test worker] DEBUG org.springframework.core.io.support.PathMatchingResourcePatternResolver - Looking for matching resources in directory tree [/Users/lindseyringwald/Desktop/Code/Spring-Microblog/build/classes/main/com/theironyard]
14:01:40.987 [Test worker] DEBUG org.springframework.core.io.support.PathMatchingResourcePatternResolver - Searching directory [/Users/lindseyringwald/Desktop/Code/Spring-Microblog/build/classes/main/com/theironyard] for files matching pattern [/Users/lindseyringwald/Desktop/Code/Spring-Microblog/build/classes/main/com/theironyard/*.class]
14:01:40.988 [Test worker] DEBUG org.springframework.core.io.support.PathMatchingResourcePatternResolver - Resolved location pattern [classpath*:com/theironyard/*.class] to resources [file [/Users/lindseyringwald/Desktop/Code/Spring-Microblog/build/classes/test/com/theironyard/MicroblogSpringApplicationTests.class], file [/Users/lindseyringwald/Desktop/Code/Spring-Microblog/build/classes/main/com/theironyard/MicroblogSpringApplication.class], file [/Users/lindseyringwald/Desktop/Code/Spring-Microblog/build/classes/main/com/theironyard/MicroblogSpringController.class], file [/Users/lindseyringwald/Desktop/Code/Spring-Microblog/build/classes/main/com/theironyard/MicroblogSpringJsonController.class], file [/Users/lindseyringwald/Desktop/Code/Spring-Microblog/build/classes/main/com/theironyard/Person.class]]
14:01:41.026 [Test worker] DEBUG org.springframework.context.annotation.ClassPathScanningCandidateComponentProvider - Identified candidate component class: file [/Users/lindseyringwald/Desktop/Code/Spring-Microblog/build/classes/main/com/theironyard/MicroblogSpringApplication.class]
14:01:41.033 [Test worker] INFO org.springframework.boot.test.context.SpringBootTestContextBootstrapper - Found @SpringBootConfiguration com.theironyard.MicroblogSpringApplication for test class com.theironyard.MicroblogSpringApplicationTests
14:01:41.036 [Test worker] DEBUG org.springframework.boot.test.context.SpringBootTestContextBootstrapper - @TestExecutionListeners is not present for class [com.theironyard.MicroblogSpringApplicationTests]: using defaults.
14:01:41.039 [Test worker] INFO org.springframework.boot.test.context.SpringBootTestContextBootstrapper - Loaded default TestExecutionListener class names from location [META-INF/spring.factories]: [org.springframework.boot.test.mock.mockito.MockitoTestExecutionListener, org.springframework.boot.test.mock.mockito.ResetMocksTestExecutionListener, org.springframework.boot.test.autoconfigure.AutoConfigureReportTestExecutionListener, org.springframework.boot.test.autoconfigure.restdocs.RestDocsTestExecutionListener, org.springframework.boot.test.autoconfigure.web.client.MockRestServiceServerResetTestExecutionListener, org.springframework.test.context.web.ServletTestExecutionListener, org.springframework.test.context.support.DirtiesContextBeforeModesTestExecutionListener, org.springframework.test.context.support.DependencyInjectionTestExecutionListener, org.springframework.test.context.support.DirtiesContextTestExecutionListener, org.springframework.test.context.transaction.TransactionalTestExecutionListener, org.springframework.test.context.jdbc.SqlScriptsTestExecutionListener]
14:01:41.044 [Test worker] INFO org.springframework.boot.test.context.SpringBootTestContextBootstrapper - Could not instantiate TestExecutionListener [org.springframework.test.context.jdbc.SqlScriptsTestExecutionListener]. Specify custom listener classes or make the default listener classes (and their required dependencies) available. Offending class: [org/springframework/transaction/interceptor/TransactionAttribute]
14:01:41.045 [Test worker] INFO org.springframework.boot.test.context.SpringBootTestContextBootstrapper - Could not instantiate TestExecutionListener [org.springframework.test.context.transaction.TransactionalTestExecutionListener]. Specify custom listener classes or make the default listener classes (and their required dependencies) available. Offending class: [org/springframework/transaction/interceptor/TransactionAttributeSource]
14:01:41.045 [Test worker] INFO org.springframework.boot.test.context.SpringBootTestContextBootstrapper - Using TestExecutionListeners: [org.springframework.test.context.web.ServletTestExecutionListener@5f9aac46, org.springframework.test.context.support.DirtiesContextBeforeModesTestExecutionListener@32fae4c9, org.springframework.boot.test.autoconfigure.AutoConfigureReportTestExecutionListener@5dd8740b, org.springframework.test.context.support.DependencyInjectionTestExecutionListener@4e0d93c8, org.springframework.test.context.support.DirtiesContextTestExecutionListener@44ffeed3, org.springframework.boot.test.autoconfigure.web.client.MockRestServiceServerResetTestExecutionListener@21468629, org.springframework.boot.test.autoconfigure.restdocs.RestDocsTestExecutionListener@3fa0c626, org.springframework.boot.test.mock.mockito.ResetMocksTestExecutionListener@1d9181c9, org.springframework.boot.test.mock.mockito.MockitoTestExecutionListener@26236dde]
14:01:41.047 [Test worker] DEBUG org.springframework.test.annotation.ProfileValueUtils - Retrieved @ProfileValueSourceConfiguration [null] for test class [com.theironyard.MicroblogSpringApplicationTests]
14:01:41.047 [Test worker] DEBUG org.springframework.test.annotation.ProfileValueUtils - Retrieved ProfileValueSource type [class org.springframework.test.annotation.SystemProfileValueSource] for class [com.theironyard.MicroblogSpringApplicationTests]
14:01:41.047 [Test worker] DEBUG org.springframework.test.annotation.ProfileValueUtils - Retrieved @ProfileValueSourceConfiguration [null] for test class [com.theironyard.MicroblogSpringApplicationTests]
14:01:41.047 [Test worker] DEBUG org.springframework.test.annotation.ProfileValueUtils - Retrieved ProfileValueSource type [class org.springframework.test.annotation.SystemProfileValueSource] for class [com.theironyard.MicroblogSpringApplicationTests]
14:01:41.051 [Test worker] DEBUG org.springframework.test.context.support.AbstractDirtiesContextTestExecutionListener - Before test class: context [DefaultTestContext@1dc0ab6a testClass = MicroblogSpringApplicationTests, testInstance = [null], testMethod = [null], testException = [null], mergedContextConfiguration = [WebMergedContextConfiguration@173b084f testClass = MicroblogSpringApplicationTests, locations = '{}', classes = '{class com.theironyard.MicroblogSpringApplication}', contextInitializerClasses = '[]', activeProfiles = '{}', propertySourceLocations = '{}', propertySourceProperties = '{org.springframework.boot.test.context.SpringBootTestContextBootstrapper=true}', contextCustomizers = set[org.springframework.boot.test.context.SpringBootTestContextCustomizer@9343628, org.springframework.boot.test.context.filter.ExcludeFilterContextCustomizer@461a9bcf, org.springframework.boot.test.mock.mockito.MockitoContextCustomizer@0, org.springframework.boot.test.autoconfigure.properties.PropertyMappingContextCustomizer@0], resourceBasePath = 'src/main/webapp', contextLoader = 'org.springframework.boot.test.context.SpringBootContextLoader', parent = [null]]], class annotated with @DirtiesContext [false] with mode [null].
14:01:41.051 [Test worker] DEBUG org.springframework.test.annotation.ProfileValueUtils - Retrieved @ProfileValueSourceConfiguration [null] for test class [com.theironyard.MicroblogSpringApplicationTests]
14:01:41.051 [Test worker] DEBUG org.springframework.test.annotation.ProfileValueUtils - Retrieved ProfileValueSource type [class org.springframework.test.annotation.SystemProfileValueSource] for class [com.theironyard.MicroblogSpringApplicationTests]
14:01:41.074 [Test worker] DEBUG org.springframework.core.env.StandardEnvironment - Adding [systemProperties] PropertySource with lowest search precedence
14:01:41.074 [Test worker] DEBUG org.springframework.core.env.StandardEnvironment - Adding [systemEnvironment] PropertySource with lowest search precedence
14:01:41.074 [Test worker] DEBUG org.springframework.core.env.StandardEnvironment - Initialized StandardEnvironment with PropertySources [systemProperties,systemEnvironment]
14:01:41.075 [Test worker] DEBUG org.springframework.test.context.support.TestPropertySourceUtils - Adding inlined properties to environment: {spring.jmx.enabled=false, org.springframework.boot.test.context.SpringBootTestContextBootstrapper=true, server.port=-1}
14:01:41.075 [Test worker] DEBUG org.springframework.core.env.StandardEnvironment - Adding [Inlined Test Properties] PropertySource with highest search precedence

  .   ____          _            __ _ _
 /\\ / ___'_ __ _ _(_)_ __  __ _ \ \ \ \
( ( )\___ | '_ | '_| | '_ \/ _` | \ \ \ \
 \\/  ___)| |_)| | | | | || (_| |  ) ) ) )
  '  |____| .__|_| |_|_| |_\__, | / / / /
 =========|_|==============|___/=/_/_/_/
 :: Spring Boot ::        (v1.4.0.RELEASE)

2016-09-20 14:01:41.422  INFO 6934 --- [    Test worker] c.t.MicroblogSpringApplicationTests      : Starting MicroblogSpringApplicationTests on MyMacDaddy with PID 6934 (started by lindseyringwald in /Users/lindseyringwald/Desktop/Code/Spring-Microblog)
2016-09-20 14:01:41.423  INFO 6934 --- [    Test worker] c.t.MicroblogSpringApplicationTests      : No active profile set, falling back to default profiles: default
2016-09-20 14:01:41.453  INFO 6934 --- [    Test worker] o.s.w.c.s.GenericWebApplicationContext   : Refreshing org.springframework.web.context.support.GenericWebApplicationContext@3f854b0e: startup date [Tue Sep 20 14:01:41 EDT 2016]; root of context hierarchy
2016-09-20 14:01:42.978  INFO 6934 --- [    Test worker] s.w.s.m.m.a.RequestMappingHandlerAdapter : Looking for @ControllerAdvice: org.springframework.web.context.support.GenericWebApplicationContext@3f854b0e: startup date [Tue Sep 20 14:01:41 EDT 2016]; root of context hierarchy
2016-09-20 14:01:43.053  INFO 6934 --- [    Test worker] s.w.s.m.m.a.RequestMappingHandlerMapping : Mapped "{[/login],methods=[POST]}" onto public java.lang.String com.theironyard.MicroblogSpringController.login(javax.servlet.http.HttpSession,java.lang.String)
2016-09-20 14:01:43.054  INFO 6934 --- [    Test worker] s.w.s.m.m.a.RequestMappingHandlerMapping : Mapped "{[/person],methods=[GET]}" onto public java.lang.String com.theironyard.MicroblogSpringController.person(org.springframework.ui.Model,java.lang.String,java.lang.String,int)
2016-09-20 14:01:43.054  INFO 6934 --- [    Test worker] s.w.s.m.m.a.RequestMappingHandlerMapping : Mapped "{[/],methods=[GET]}" onto public java.lang.String com.theironyard.MicroblogSpringController.home(org.springframework.ui.Model,javax.servlet.http.HttpSession)
2016-09-20 14:01:43.055  INFO 6934 --- [    Test worker] s.w.s.m.m.a.RequestMappingHandlerMapping : Mapped "{[/person.json],methods=[GET]}" onto public com.theironyard.Person com.theironyard.MicroblogSpringJsonController.jsonHome(java.lang.String,java.lang.String,int)
2016-09-20 14:01:43.056  INFO 6934 --- [    Test worker] s.w.s.m.m.a.RequestMappingHandlerMapping : Mapped "{[/error]}" onto public org.springframework.http.ResponseEntity<java.util.Map<java.lang.String, java.lang.Object>> org.springframework.boot.autoconfigure.web.BasicErrorController.error(javax.servlet.http.HttpServletRequest)
2016-09-20 14:01:43.057  INFO 6934 --- [    Test worker] s.w.s.m.m.a.RequestMappingHandlerMapping : Mapped "{[/error],produces=[text/html]}" onto public org.springframework.web.servlet.ModelAndView org.springframework.boot.autoconfigure.web.BasicErrorController.errorHtml(javax.servlet.http.HttpServletRequest,javax.servlet.http.HttpServletResponse)
2016-09-20 14:01:43.089  INFO 6934 --- [    Test worker] o.s.w.s.handler.SimpleUrlHandlerMapping  : Mapped URL path [/webjars/**] onto handler of type [class org.springframework.web.servlet.resource.ResourceHttpRequestHandler]
2016-09-20 14:01:43.089  INFO 6934 --- [    Test worker] o.s.w.s.handler.SimpleUrlHandlerMapping  : Mapped URL path [/**] onto handler of type [class org.springframework.web.servlet.resource.ResourceHttpRequestHandler]
2016-09-20 14:01:43.125  INFO 6934 --- [    Test worker] o.s.w.s.handler.SimpleUrlHandlerMapping  : Mapped URL path [/**/favicon.ico] onto handler of type [class org.springframework.web.servlet.resource.ResourceHttpRequestHandler]
2016-09-20 14:01:43.420  INFO 6934 --- [    Test worker] c.t.MicroblogSpringApplicationTests      : Started MicroblogSpringApplicationTests in 2.335 seconds (JVM running for 3.009)
]]></system-out>
  <system-err><![CDATA[]]></system-err>
</testsuite>
